{"level":"info","message":"Listening on port 5000...","timestamp":"2018-08-19T23:39:53.155Z"}
{"level":"info","message":"Connected to mongodb://admin:s4LAhbjAd@ds125862.mlab.com:25862/cattle-companion-dev...","timestamp":"2018-08-19T23:39:53.495Z"}
{"level":"info","message":"Listening on port 5000...","timestamp":"2018-08-19T23:46:52.875Z"}
{"level":"info","message":"Connected to mongodb://admin:s4LAhbjAd@ds125862.mlab.com:25862/cattle-companion-dev...","timestamp":"2018-08-19T23:46:53.423Z"}
{"level":"info","message":"Listening on port 5000...","timestamp":"2018-08-19T23:48:03.604Z"}
{"level":"info","message":"Connected to mongodb://admin:s4LAhbjAd@ds125862.mlab.com:25862/cattle-companion-dev...","timestamp":"2018-08-19T23:48:03.888Z"}
{"level":"info","message":"Listening on port 5000...","timestamp":"2018-08-19T23:48:52.935Z"}
{"level":"info","message":"Connected to mongodb://admin:s4LAhbjAd@ds125862.mlab.com:25862/cattle-companion-dev...","timestamp":"2018-08-19T23:48:53.322Z"}
{"level":"info","message":"Listening on port 5000...","timestamp":"2018-08-19T23:52:01.745Z"}
{"level":"info","message":"Connected to mongodb://admin:s4LAhbjAd@ds125862.mlab.com:25862/cattle-companion-dev...","timestamp":"2018-08-19T23:52:02.124Z"}
{"level":"info","message":"Listening on port 5000...","timestamp":"2018-08-20T00:06:29.367Z"}
{"level":"info","message":"Connected to mongodb://admin:s4LAhbjAd@ds125862.mlab.com:25862/cattle-companion-dev...","timestamp":"2018-08-20T00:06:29.767Z"}
{"level":"info","message":"Listening on port 5000...","timestamp":"2018-08-20T00:10:28.452Z"}
{"level":"info","message":"Connected to mongodb://admin:s4LAhbjAd@ds125862.mlab.com:25862/cattle-companion-dev...","timestamp":"2018-08-20T00:10:28.914Z"}
{"level":"info","message":"Listening on port 5000...","timestamp":"2018-08-20T00:11:16.290Z"}
{"level":"info","message":"Connected to mongodb://admin:s4LAhbjAd@ds125862.mlab.com:25862/cattle-companion-dev...","timestamp":"2018-08-20T00:11:16.558Z"}
{"level":"info","message":"Listening on port 5000...","timestamp":"2018-08-20T00:12:03.212Z"}
{"level":"info","message":"Connected to mongodb://admin:s4LAhbjAd@ds125862.mlab.com:25862/cattle-companion-dev...","timestamp":"2018-08-20T00:12:03.614Z"}
{"level":"info","message":"Listening on port 5000...","timestamp":"2018-08-20T00:13:17.114Z"}
{"level":"info","message":"Connected to mongodb://admin:s4LAhbjAd@ds125862.mlab.com:25862/cattle-companion-dev...","timestamp":"2018-08-20T00:13:17.446Z"}
{"level":"info","message":"Listening on port 5000...","timestamp":"2018-08-20T02:24:06.202Z"}
{"level":"info","message":"Connected to mongodb://admin:s4LAhbjAd@ds125862.mlab.com:25862/cattle-companion-dev...","timestamp":"2018-08-20T02:24:06.660Z"}
{"level":"info","message":"Listening on port 5000...","timestamp":"2018-08-20T02:25:52.954Z"}
{"level":"info","message":"Listening on port 4000...","timestamp":"2018-08-20T02:27:57.263Z"}
{"level":"info","message":"Listening on port 4000...","timestamp":"2018-08-20T02:28:26.112Z"}
{"level":"info","message":"Listening on port 4000...","timestamp":"2018-08-20T02:42:46.015Z"}
{"level":"info","message":"Listening on port 4000...","timestamp":"2018-08-20T02:52:55.219Z"}
{"level":"info","message":"Listening on port 4000...","timestamp":"2018-08-20T02:53:12.015Z"}
{"level":"info","message":"Listening on port 4000...","timestamp":"2018-08-20T02:53:50.955Z"}
{"level":"info","message":"Connected to mongodb://admin:s4LAhbjAd@ds125862.mlab.com:25862/cattle-companion-dev...","timestamp":"2018-08-20T02:53:51.315Z"}
{"level":"info","message":"Listening on port 4000...","timestamp":"2018-08-20T02:54:04.267Z"}
{"level":"info","message":"Listening on port 4000...","timestamp":"2018-08-20T02:54:52.180Z"}
{"level":"info","message":"Listening on port 4000...","timestamp":"2018-08-20T03:02:58.036Z"}
{"level":"info","message":"Listening on port 4000...","timestamp":"2018-08-20T03:04:12.052Z"}
{"level":"info","message":"Listening on port 4000...","timestamp":"2018-08-20T03:06:12.267Z"}
{"level":"info","message":"Listening on port 4000...","timestamp":"2018-08-20T03:15:02.014Z"}
{"level":"info","message":"Listening on port 4000...","timestamp":"2018-08-20T03:19:27.881Z"}
{"level":"info","message":"Listening on port 4000...","timestamp":"2018-08-20T03:19:40.306Z"}
{"level":"info","message":"Listening on port 4000...","timestamp":"2018-08-20T03:20:30.618Z"}
{"level":"info","message":"Listening on port 4000...","timestamp":"2018-08-20T03:24:21.385Z"}
{"level":"info","message":"Listening on port 4000...","timestamp":"2018-08-20T03:25:36.425Z"}
{"level":"info","message":"Listening on port 4000...","timestamp":"2018-08-20T03:26:56.336Z"}
{"level":"info","message":"Listening on port 4000...","timestamp":"2018-08-20T03:27:13.576Z"}
{"level":"info","message":"Listening on port 4000...","timestamp":"2018-08-20T03:28:13.202Z"}
{"level":"info","message":"Listening on port 4000...","timestamp":"2018-08-20T03:29:52.349Z"}
{"level":"info","message":"Listening on port 4000...","timestamp":"2018-08-20T03:33:56.448Z"}
{"level":"info","message":"Listening on port 4000...","timestamp":"2018-08-20T03:34:30.623Z"}
{"level":"info","message":"Listening on port 4000...","timestamp":"2018-08-20T03:35:00.409Z"}
{"level":"info","message":"Listening on port 4000...","timestamp":"2018-08-20T03:37:15.416Z"}
{"level":"info","message":"Connected to mongodb://admin:s4LAhbjAd@ds125912.mlab.com:25912/cattle-companion-test...","timestamp":"2018-08-20T03:37:15.892Z"}
{"level":"info","message":"Listening on port 4000...","timestamp":"2018-08-20T03:37:19.807Z"}
{"level":"info","message":"Listening on port 4000...","timestamp":"2018-08-20T03:38:03.684Z"}
{"level":"info","message":"Connected to mongodb://admin:s4LAhbjAd@ds125912.mlab.com:25912/cattle-companion-test...","timestamp":"2018-08-20T03:38:04.048Z"}
{"message":"User is not defined","stack":"ReferenceError: User is not defined\n    at Object.<anonymous>.router.post (C:\\Users\\aparr\\source\\repos\\cattle-companion\\routes\\users.js:12:14)\n    at newFn (C:\\Users\\aparr\\source\\repos\\cattle-companion\\node_modules\\express-async-errors\\index.js:25:20)\n    at Layer.handle [as handle_request] (C:\\Users\\aparr\\source\\repos\\cattle-companion\\node_modules\\express\\lib\\router\\layer.js:95:5)\n    at next (C:\\Users\\aparr\\source\\repos\\cattle-companion\\node_modules\\express\\lib\\router\\route.js:137:13)\n    at Route.dispatch (C:\\Users\\aparr\\source\\repos\\cattle-companion\\node_modules\\express\\lib\\router\\route.js:112:3)\n    at newFn (C:\\Users\\aparr\\source\\repos\\cattle-companion\\node_modules\\express-async-errors\\index.js:25:20)\n    at Layer.handle [as handle_request] (C:\\Users\\aparr\\source\\repos\\cattle-companion\\node_modules\\express\\lib\\router\\layer.js:95:5)\n    at C:\\Users\\aparr\\source\\repos\\cattle-companion\\node_modules\\express\\lib\\router\\index.js:281:22\n    at Function.process_params (C:\\Users\\aparr\\source\\repos\\cattle-companion\\node_modules\\express\\lib\\router\\index.js:335:12)\n    at next (C:\\Users\\aparr\\source\\repos\\cattle-companion\\node_modules\\express\\lib\\router\\index.js:275:10)\n    at Function.handle (C:\\Users\\aparr\\source\\repos\\cattle-companion\\node_modules\\express\\lib\\router\\index.js:174:3)\n    at router (C:\\Users\\aparr\\source\\repos\\cattle-companion\\node_modules\\express\\lib\\router\\index.js:47:12)\n    at newFn (C:\\Users\\aparr\\source\\repos\\cattle-companion\\node_modules\\express-async-errors\\index.js:25:20)\n    at Layer.handle [as handle_request] (C:\\Users\\aparr\\source\\repos\\cattle-companion\\node_modules\\express\\lib\\router\\layer.js:95:5)\n    at trim_prefix (C:\\Users\\aparr\\source\\repos\\cattle-companion\\node_modules\\express\\lib\\router\\index.js:317:13)\n    at C:\\Users\\aparr\\source\\repos\\cattle-companion\\node_modules\\express\\lib\\router\\index.js:284:7\n    at Function.process_params (C:\\Users\\aparr\\source\\repos\\cattle-companion\\node_modules\\express\\lib\\router\\index.js:335:12)\n    at next (C:\\Users\\aparr\\source\\repos\\cattle-companion\\node_modules\\express\\lib\\router\\index.js:275:10)\n    at C:\\Users\\aparr\\source\\repos\\cattle-companion\\node_modules\\body-parser\\lib\\read.js:130:5\n    at invokeCallback (C:\\Users\\aparr\\source\\repos\\cattle-companion\\node_modules\\raw-body\\index.js:224:16)\n    at done (C:\\Users\\aparr\\source\\repos\\cattle-companion\\node_modules\\raw-body\\index.js:213:7)\n    at IncomingMessage.onEnd (C:\\Users\\aparr\\source\\repos\\cattle-companion\\node_modules\\raw-body\\index.js:273:7)\n    at emitNone (events.js:106:13)\n    at IncomingMessage.emit (events.js:208:7)\n    at endReadableNT (_stream_readable.js:1064:12)\n    at _combinedTickCallback (internal/process/next_tick.js:138:11)\n    at process._tickCallback (internal/process/next_tick.js:180:9)","level":"error","timestamp":"2018-08-20T03:38:04.315Z"}
{"level":"info","message":"Listening on port 4000...","timestamp":"2018-08-20T03:39:04.648Z"}
{"level":"info","message":"Connected to mongodb://admin:s4LAhbjAd@ds125912.mlab.com:25912/cattle-companion-test...","timestamp":"2018-08-20T03:39:05.141Z"}
{"level":"info","message":"Listening on port 4000...","timestamp":"2018-08-20T03:41:43.535Z"}
{"level":"info","message":"Connected to mongodb://admin:s4LAhbjAd@ds125912.mlab.com:25912/cattle-companion-test...","timestamp":"2018-08-20T03:41:44.060Z"}
{"level":"info","message":"Listening on port 4000...","timestamp":"2018-08-20T03:47:08.217Z"}
{"level":"info","message":"Connected to mongodb://admin:s4LAhbjAd@ds125912.mlab.com:25912/cattle-companion-test...","timestamp":"2018-08-20T03:47:08.779Z"}
{"level":"info","message":"Listening on port 4000...","timestamp":"2018-08-20T03:48:18.228Z"}
{"level":"info","message":"Connected to mongodb://admin:s4LAhbjAd@ds125912.mlab.com:25912/cattle-companion-test...","timestamp":"2018-08-20T03:48:18.598Z"}
{"level":"info","message":"Listening on port 4000...","timestamp":"2018-08-20T03:50:47.910Z"}
{"level":"info","message":"Connected to mongodb://admin:s4LAhbjAd@ds125912.mlab.com:25912/cattle-companion-test...","timestamp":"2018-08-20T03:50:48.426Z"}
{"level":"info","message":"Listening on port 4000...","timestamp":"2018-08-20T03:51:31.622Z"}
{"level":"info","message":"Connected to mongodb://admin:s4LAhbjAd@ds125912.mlab.com:25912/cattle-companion-test...","timestamp":"2018-08-20T03:51:31.982Z"}
{"level":"info","message":"Listening on port 4000...","timestamp":"2018-08-20T03:52:45.722Z"}
{"level":"info","message":"Connected to mongodb://admin:s4LAhbjAd@ds125912.mlab.com:25912/cattle-companion-test...","timestamp":"2018-08-20T03:52:46.130Z"}
{"level":"info","message":"Listening on port 4000...","timestamp":"2018-08-20T03:53:14.763Z"}
{"level":"info","message":"Connected to mongodb://admin:s4LAhbjAd@ds125862.mlab.com:25862/cattle-companion-dev...","timestamp":"2018-08-20T03:53:15.213Z"}
{"level":"info","message":"Listening on port 4000...","timestamp":"2018-08-20T03:55:34.394Z"}
{"level":"info","message":"Connected to mongodb://admin:s4LAhbjAd@ds125862.mlab.com:25862/cattle-companion-dev...","timestamp":"2018-08-20T03:55:34.882Z"}
{"message":"res is not defined","stack":"ReferenceError: res is not defined\n    at router.get (C:\\Users\\aparr\\source\\repos\\cattle-companion\\routes\\users.js:9:3)\n    at newFn (C:\\Users\\aparr\\source\\repos\\cattle-companion\\node_modules\\express-async-errors\\index.js:25:20)\n    at Layer.handle [as handle_request] (C:\\Users\\aparr\\source\\repos\\cattle-companion\\node_modules\\express\\lib\\router\\layer.js:95:5)\n    at next (C:\\Users\\aparr\\source\\repos\\cattle-companion\\node_modules\\express\\lib\\router\\route.js:137:13)\n    at Route.dispatch (C:\\Users\\aparr\\source\\repos\\cattle-companion\\node_modules\\express\\lib\\router\\route.js:112:3)\n    at newFn (C:\\Users\\aparr\\source\\repos\\cattle-companion\\node_modules\\express-async-errors\\index.js:25:20)\n    at Layer.handle [as handle_request] (C:\\Users\\aparr\\source\\repos\\cattle-companion\\node_modules\\express\\lib\\router\\layer.js:95:5)\n    at C:\\Users\\aparr\\source\\repos\\cattle-companion\\node_modules\\express\\lib\\router\\index.js:281:22\n    at Function.process_params (C:\\Users\\aparr\\source\\repos\\cattle-companion\\node_modules\\express\\lib\\router\\index.js:335:12)\n    at next (C:\\Users\\aparr\\source\\repos\\cattle-companion\\node_modules\\express\\lib\\router\\index.js:275:10)\n    at Function.handle (C:\\Users\\aparr\\source\\repos\\cattle-companion\\node_modules\\express\\lib\\router\\index.js:174:3)\n    at router (C:\\Users\\aparr\\source\\repos\\cattle-companion\\node_modules\\express\\lib\\router\\index.js:47:12)\n    at newFn (C:\\Users\\aparr\\source\\repos\\cattle-companion\\node_modules\\express-async-errors\\index.js:25:20)\n    at Layer.handle [as handle_request] (C:\\Users\\aparr\\source\\repos\\cattle-companion\\node_modules\\express\\lib\\router\\layer.js:95:5)\n    at trim_prefix (C:\\Users\\aparr\\source\\repos\\cattle-companion\\node_modules\\express\\lib\\router\\index.js:317:13)\n    at C:\\Users\\aparr\\source\\repos\\cattle-companion\\node_modules\\express\\lib\\router\\index.js:284:7","level":"error","timestamp":"2018-08-20T03:56:00.298Z"}
{"level":"info","message":"Listening on port 4000...","timestamp":"2018-08-20T03:56:49.237Z"}
{"level":"info","message":"Connected to mongodb://admin:s4LAhbjAd@ds125862.mlab.com:25862/cattle-companion-dev...","timestamp":"2018-08-20T03:56:49.522Z"}
{"level":"info","message":"Listening on port 4000...","timestamp":"2018-08-20T03:58:26.438Z"}
{"level":"info","message":"Connected to mongodb://admin:s4LAhbjAd@ds125862.mlab.com:25862/cattle-companion-dev...","timestamp":"2018-08-20T03:58:27.009Z"}
{"level":"info","message":"Listening on port 4000...","timestamp":"2018-08-20T03:58:57.754Z"}
{"level":"info","message":"Connected to mongodb://admin:s4LAhbjAd@ds125862.mlab.com:25862/cattle-companion-dev...","timestamp":"2018-08-20T03:58:58.115Z"}
{"level":"info","message":"Listening on port 4000...","timestamp":"2018-08-20T03:59:30.220Z"}
{"level":"info","message":"Connected to mongodb://admin:s4LAhbjAd@ds125912.mlab.com:25912/cattle-companion-test...","timestamp":"2018-08-20T03:59:30.674Z"}
{"level":"info","message":"Listening on port 4000...","timestamp":"2018-08-20T04:01:47.117Z"}
{"level":"info","message":"Connected to mongodb://admin:s4LAhbjAd@ds125912.mlab.com:25912/cattle-companion-test...","timestamp":"2018-08-20T04:01:47.712Z"}
{"level":"info","message":"Listening on port 4000...","timestamp":"2018-08-20T04:03:03.460Z"}
{"level":"info","message":"Connected to mongodb://admin:s4LAhbjAd@ds125912.mlab.com:25912/cattle-companion-test...","timestamp":"2018-08-20T04:03:03.899Z"}
{"level":"info","message":"Listening on port 4000...","timestamp":"2018-08-20T04:04:06.492Z"}
{"level":"info","message":"Connected to mongodb://admin:s4LAhbjAd@ds125912.mlab.com:25912/cattle-companion-test...","timestamp":"2018-08-20T04:04:07.046Z"}
{"level":"info","message":"Listening on port 4000...","timestamp":"2018-08-20T04:06:28.444Z"}
{"level":"info","message":"Connected to mongodb://admin:s4LAhbjAd@ds125912.mlab.com:25912/cattle-companion-test...","timestamp":"2018-08-20T04:06:28.944Z"}
{"level":"info","message":"Listening on port 4000...","timestamp":"2018-08-20T04:07:05.769Z"}
{"level":"info","message":"Connected to mongodb://admin:s4LAhbjAd@ds125912.mlab.com:25912/cattle-companion-test...","timestamp":"2018-08-20T04:07:06.161Z"}
{"level":"info","message":"Listening on port 4000...","timestamp":"2018-08-20T04:07:16.253Z"}
{"level":"info","message":"Connected to mongodb://admin:s4LAhbjAd@ds125912.mlab.com:25912/cattle-companion-test...","timestamp":"2018-08-20T04:07:16.540Z"}
{"level":"info","message":"Listening on port 4000...","timestamp":"2018-08-20T04:08:29.448Z"}
{"level":"info","message":"Connected to mongodb://admin:s4LAhbjAd@ds125912.mlab.com:25912/cattle-companion-test...","timestamp":"2018-08-20T04:08:29.853Z"}
{"level":"info","message":"Listening on port 4000...","timestamp":"2018-08-20T04:09:27.251Z"}
{"level":"info","message":"Connected to mongodb://admin:s4LAhbjAd@ds125912.mlab.com:25912/cattle-companion-test...","timestamp":"2018-08-20T04:09:27.674Z"}
{"level":"info","message":"Listening on port 4000...","timestamp":"2018-08-20T04:10:09.835Z"}
{"level":"info","message":"Connected to mongodb://admin:s4LAhbjAd@ds125912.mlab.com:25912/cattle-companion-test...","timestamp":"2018-08-20T04:10:10.254Z"}
{"level":"info","message":"Listening on port 4000...","timestamp":"2018-08-20T04:10:26.866Z"}
{"level":"info","message":"Connected to mongodb://admin:s4LAhbjAd@ds125912.mlab.com:25912/cattle-companion-test...","timestamp":"2018-08-20T04:10:27.236Z"}
{"level":"info","message":"Listening on port 4000...","timestamp":"2018-08-20T04:10:56.648Z"}
{"level":"info","message":"Connected to mongodb://admin:s4LAhbjAd@ds125912.mlab.com:25912/cattle-companion-test...","timestamp":"2018-08-20T04:10:56.993Z"}
{"level":"info","message":"Listening on port 4000...","timestamp":"2018-08-20T23:24:36.746Z"}
{"level":"info","message":"Connected to mongodb://admin:s4LAhbjAd@ds125912.mlab.com:25912/cattle-companion-test...","timestamp":"2018-08-20T23:24:37.417Z"}
{"level":"info","message":"Listening on port 4000...","timestamp":"2018-08-20T23:24:51.363Z"}
{"level":"info","message":"Connected to mongodb://admin:s4LAhbjAd@ds125912.mlab.com:25912/cattle-companion-test...","timestamp":"2018-08-20T23:24:51.783Z"}
